c:\users\adriqun\source\repos\combat halloween\combat halloween\main\release\vc141.pdb
c:\users\adriqun\source\repos\combat halloween\combat halloween\main\release\main.obj
c:\users\adriqun\source\repos\combat halloween\combat halloween\main\release\core.obj
c:\users\adriqun\source\repos\combat halloween\combat halloween\main\release\rectbutton.obj
c:\users\adriqun\source\repos\combat halloween\combat halloween\main\release\login.obj
c:\users\adriqun\source\repos\combat halloween\combat halloween\main\release\loading.obj
c:\users\adriqun\source\repos\combat halloween\combat halloween\main\release\initialization.obj
c:\users\adriqun\source\repos\combat halloween\combat halloween\main\release\text.obj
c:\users\adriqun\source\repos\combat halloween\combat halloween\main\release\sprite.obj
c:\users\adriqun\source\repos\combat halloween\combat halloween\main\release\sound.obj
c:\users\adriqun\source\repos\combat halloween\combat halloween\main\release\request.obj
c:\users\adriqun\source\repos\combat halloween\combat halloween\main\release\music.obj
c:\users\adriqun\source\repos\combat halloween\combat halloween\main\release\engine.obj
c:\users\adriqun\source\repos\combat halloween\release\main.exe
c:\users\adriqun\source\repos\combat halloween\release\main.pdb
c:\users\adriqun\source\repos\combat halloween\release\main.ipdb
c:\users\adriqun\source\repos\combat halloween\release\main.iobj
c:\users\adriqun\source\repos\combat halloween\combat halloween\main\release\main.tlog\cl.command.1.tlog
c:\users\adriqun\source\repos\combat halloween\combat halloween\main\release\main.tlog\cl.read.1.tlog
c:\users\adriqun\source\repos\combat halloween\combat halloween\main\release\main.tlog\cl.write.1.tlog
c:\users\adriqun\source\repos\combat halloween\combat halloween\main\release\main.tlog\link.command.1.tlog
c:\users\adriqun\source\repos\combat halloween\combat halloween\main\release\main.tlog\link.read.1.tlog
c:\users\adriqun\source\repos\combat halloween\combat halloween\main\release\main.tlog\link.write.1.tlog
c:\users\adriqun\source\repos\combat halloween\combat halloween\main\release\main.tlog\main.write.1u.tlog
