c:\users\adriqun\source\repos\combat halloween\combat halloween\common\debug\vc141.pdb
c:\users\adriqun\source\repos\combat halloween\combat halloween\common\debug\vc141.idb
c:\users\adriqun\source\repos\combat halloween\combat halloween\common\debug\sound.obj
c:\users\adriqun\source\repos\combat halloween\combat halloween\common\debug\main.obj
c:\users\adriqun\source\repos\combat halloween\debug\common.pdb
c:\users\adriqun\source\repos\combat halloween\combat halloween\common\debug\common.tlog\cl.command.1.tlog
c:\users\adriqun\source\repos\combat halloween\combat halloween\common\debug\common.tlog\cl.read.1.tlog
c:\users\adriqun\source\repos\combat halloween\combat halloween\common\debug\common.tlog\cl.write.1.tlog
c:\users\adriqun\source\repos\combat halloween\combat halloween\common\debug\common.tlog\link-cvtres.read.1.tlog
c:\users\adriqun\source\repos\combat halloween\combat halloween\common\debug\common.tlog\link-cvtres.write.1.tlog
c:\users\adriqun\source\repos\combat halloween\combat halloween\common\debug\common.tlog\link-rc.read.1.tlog
c:\users\adriqun\source\repos\combat halloween\combat halloween\common\debug\common.tlog\link-rc.write.1.tlog
c:\users\adriqun\source\repos\combat halloween\combat halloween\common\debug\common.tlog\link.8148-cvtres.read.1.tlog
c:\users\adriqun\source\repos\combat halloween\combat halloween\common\debug\common.tlog\link.8148-cvtres.write.1.tlog
c:\users\adriqun\source\repos\combat halloween\combat halloween\common\debug\common.tlog\link.8148-rc.read.1.tlog
c:\users\adriqun\source\repos\combat halloween\combat halloween\common\debug\common.tlog\link.8148-rc.write.1.tlog
c:\users\adriqun\source\repos\combat halloween\combat halloween\common\debug\common.tlog\link.8148.read.1.tlog
c:\users\adriqun\source\repos\combat halloween\combat halloween\common\debug\common.tlog\link.8148.write.1.tlog
c:\users\adriqun\source\repos\combat halloween\combat halloween\common\debug\common.tlog\link.command.1.tlog
c:\users\adriqun\source\repos\combat halloween\combat halloween\common\debug\common.tlog\link.read.1.tlog
c:\users\adriqun\source\repos\combat halloween\combat halloween\common\debug\common.tlog\link.write.1.tlog
